Arguments: 
  /Users/sin/.nvm/versions/node/v8.9.1/bin/node /usr/local/Cellar/yarn/1.5.1_1/libexec/bin/yarn.js add -g react-native-cli

PATH: 
  /Users/sin/.rvm/gems/ruby-2.4.2/bin:/Users/sin/.rvm/gems/ruby-2.4.2@global/bin:/Users/sin/.rvm/rubies/ruby-2.4.2/bin:/Users/sin/.rvm/bin:/usr/local/opt/qt@5.5/bin:/Users/sin/.nvm/versions/node/v8.9.1/bin:/usr/local/bin:/usr/bin:/bin:/usr/sbin:/sbin:/usr/local/share/dotnet:/Library/Frameworks/Mono.framework/Versions/Current/Commands:/Applications/Xamarin Workbooks.app/Contents/SharedSupport/path-bin

Yarn version: 
  1.5.1

Node version: 
  8.9.1

Platform: 
  darwin x64

npm manifest: 
  {
    "name": "vba-ticketing",
    "version": "1.0.0",
    "main": "index.js",
    "repository": "git@git.siliconstraits.vn:vba/vba-ticketing.git",
    "author": "Scott Le <scott.lee318@gmail.com>",
    "license": "MIT",
    "dependencies": {
      "bootstrap-colorpicker": "^2.5.2",
      "datatables.net-bs": "^1.10.16",
      "metismenu": "^2.7.0",
      "summernote": "^0.8.9"
    }
  }

yarn manifest: 
  No manifest

Lockfile: 
  No lockfile

Trace: 
  Error: Missing list of packages to add to your project.
      at new MessageError (/usr/local/Cellar/yarn/1.5.1_1/libexec/lib/cli.js:186:110)
      at Object.<anonymous> (/usr/local/Cellar/yarn/1.5.1_1/libexec/lib/cli.js:40587:13)
      at Generator.next (<anonymous>)
      at step (/usr/local/Cellar/yarn/1.5.1_1/libexec/lib/cli.js:98:30)
      at /usr/local/Cellar/yarn/1.5.1_1/libexec/lib/cli.js:116:14
      at new Promise (<anonymous>)
      at new F (/usr/local/Cellar/yarn/1.5.1_1/libexec/lib/cli.js:23451:28)
      at Object.<anonymous> (/usr/local/Cellar/yarn/1.5.1_1/libexec/lib/cli.js:95:12)
      at Object.run (/usr/local/Cellar/yarn/1.5.1_1/libexec/lib/cli.js:40599:19)
      at run (/usr/local/Cellar/yarn/1.5.1_1/libexec/lib/cli.js:89113:20)
